This is pdfTeX, Version 3.14159265-2.6-1.40.16 (TeX Live 2015/Debian) (preloaded format=pdflatex 2016.5.12)  10 OCT 2016 17:03
entering extended mode
 restricted \write18 enabled.
 %&-line parsing enabled.
**cover_letter_3.tex
(./cover_letter_3.tex
LaTeX2e <2016/02/01>
Babel <3.9q> and hyphenation patterns for 81 language(s) loaded.
(/usr/share/texlive/texmf-dist/tex/latex/newlfm/newlfm.cls
Document Class: newlfm 2009/04/10 v9.4 Letter-Fax-Memo LaTeX Document Class
(/usr/share/texlive/texmf-dist/tex/latex/graphics/keyval.sty
Package: keyval 2014/10/28 v1.15 key=value parser (DPC)
\KV@toks@=\toks14
)
(/usr/share/texlive/texmf-dist/tex/latex/base/ifthen.sty
Package: ifthen 2014/09/29 v1.1c Standard LaTeX ifthen package (DPC)
)
(/usr/share/texlive/texmf-dist/tex/generic/oberdiek/ifpdf.sty
Package: ifpdf 2011/01/30 v2.3 Provides the ifpdf switch (HO)
Package ifpdf Info: pdfTeX in PDF mode is detected.
)
(/usr/share/texlive/texmf-dist/tex/latex/newlfm/setdim.sty
Package: setdim 2009/04/10 v9.4 Address macros
)
(/usr/share/texlive/texmf-dist/tex/latex/fancyhdr/fancyhdr.sty
\fancy@headwidth=\skip41
\f@ncyO@elh=\skip42
\f@ncyO@erh=\skip43
\f@ncyO@olh=\skip44
\f@ncyO@orh=\skip45
\f@ncyO@elf=\skip46
\f@ncyO@erf=\skip47
\f@ncyO@olf=\skip48
\f@ncyO@orf=\skip49
)
(/usr/share/texlive/texmf-dist/tex/latex/eso-pic/eso-pic.sty
Package: eso-pic 2015/07/21 v2.0g eso-pic (RN)

(/usr/share/texlive/texmf-dist/tex/generic/oberdiek/atbegshi.sty
Package: atbegshi 2011/10/05 v1.16 At begin shipout hook (HO)

(/usr/share/texlive/texmf-dist/tex/generic/oberdiek/infwarerr.sty
Package: infwarerr 2010/04/08 v1.3 Providing info/warning/error messages (HO)
)
(/usr/share/texlive/texmf-dist/tex/generic/oberdiek/ltxcmds.sty
Package: ltxcmds 2011/11/09 v1.22 LaTeX kernel commands for general use (HO)
))
(/usr/share/texlive/texmf-dist/tex/latex/xcolor/xcolor.sty
Package: xcolor 2007/01/21 v2.11 LaTeX color extensions (UK)

(/usr/share/texlive/texmf-dist/tex/latex/latexconfig/color.cfg
File: color.cfg 2007/01/18 v1.5 color configuration of teTeX/TeXLive
)
Package xcolor Info: Driver file: pdftex.def on input line 225.

(/usr/share/texlive/texmf-dist/tex/latex/pdftex-def/pdftex.def
File: pdftex.def 2011/05/27 v0.06d Graphics/color for pdfTeX
\Gread@gobject=\count79
)
Package xcolor Info: Model `cmy' substituted by `cmy0' on input line 1337.
Package xcolor Info: Model `hsb' substituted by `rgb' on input line 1341.
Package xcolor Info: Model `RGB' extended on input line 1353.
Package xcolor Info: Model `HTML' substituted by `rgb' on input line 1355.
Package xcolor Info: Model `Hsb' substituted by `hsb' on input line 1356.
Package xcolor Info: Model `tHsb' substituted by `hsb' on input line 1357.
Package xcolor Info: Model `HSB' substituted by `hsb' on input line 1358.
Package xcolor Info: Model `Gray' substituted by `gray' on input line 1359.
Package xcolor Info: Model `wave' substituted by `hsb' on input line 1360.
))
(/usr/share/texlive/texmf-dist/tex/latex/setspace/setspace.sty
Package: setspace 2011/12/19 v6.7a set line spacing
)
(/usr/share/texlive/texmf-dist/tex/latex/lastpage/lastpage.sty
Package: lastpage 2015/03/29 v1.2m Refers to last page's name (HMM; JPG)
)
(/usr/share/texlive/texmf-dist/tex/latex/tools/calc.sty
Package: calc 2014/10/28 v4.3 Infix arithmetic (KKT,FJ)
\calc@Acount=\count80
\calc@Bcount=\count81
\calc@Adimen=\dimen102
\calc@Bdimen=\dimen103
\calc@Askip=\skip50
\calc@Bskip=\skip51
LaTeX Info: Redefining \setlength on input line 80.
LaTeX Info: Redefining \addtolength on input line 81.
\calc@Ccount=\count82
\calc@Cskip=\skip52
)
(/usr/share/texlive/texmf-dist/tex/latex/graphics/graphicx.sty
Package: graphicx 2014/10/28 v1.0g Enhanced LaTeX Graphics (DPC,SPQR)

(/usr/share/texlive/texmf-dist/tex/latex/graphics/graphics.sty
Package: graphics 2016/01/03 v1.0q Standard LaTeX Graphics (DPC,SPQR)

(/usr/share/texlive/texmf-dist/tex/latex/graphics/trig.sty
Package: trig 2016/01/03 v1.10 sin cos tan (DPC)
)
(/usr/share/texlive/texmf-dist/tex/latex/latexconfig/graphics.cfg
File: graphics.cfg 2010/04/23 v1.9 graphics configuration of TeX Live
)
Package graphics Info: Driver file: pdftex.def on input line 95.
)
\Gin@req@height=\dimen104
\Gin@req@width=\dimen105
)
(/usr/share/texlive/texmf-dist/tex/latex/rotating/rotating.sty
Package: rotating 2009/03/28 v2.16a rotated objects in LaTeX
\c@r@tfl@t=\count83
\rotFPtop=\skip53
\rotFPbot=\skip54
\rot@float@box=\box26
\rot@mess@toks=\toks15
)
\@addr@fr@sk@b=\skip55
\@addr@fr@sk@a=\skip56
\@addr@to@sk@b=\skip57
\@addr@to@sk@a=\skip58
\@blka@b=\skip59
\@blka@a=\skip60
\@blkb@b=\skip61
\@blkb@a=\skip62
\@blkc@b=\skip63
\@blkc@a=\skip64
\@caption@skip@above=\skip65
\@caption@skip@below=\skip66
\@cello@h=\skip67
\@cello@w=\skip68
\@cello@d=\skip69
\@cello@l=\skip70
\@dt@sk@b=\skip71
\@dt@sk@a=\skip72
\@Dth@H@L=\skip73
\@Dth@H@C=\skip74
\@Dth@H@R=\skip75
\@Dth@F@L=\skip76
\@Dth@F@C=\skip77
\@Dth@F@R=\skip78
\@Dth@h@l=\skip79
\@Dth@h@c=\skip80
\@Dth@h@r=\skip81
\@Dth@f@l=\skip82
\@Dth@f@c=\skip83
\@Dth@f@r=\skip84
\@greet@to@sk@b=\skip85
\@greet@to@sk@a=\skip86
\@Hgt@Head=\skip87
\@Hrw=\skip88
\@hrw=\skip89
\@extr@hor=\skip90
\@Frw=\skip91
\@frw=\skip92
\@Hgt@Foot=\skip93
\@Hgt@head=\skip94
\@Hgt@foot=\skip95
\@Hgt@H@L=\skip96
\@Hgt@H@C=\skip97
\@Hgt@H@R=\skip98
\@Hgt@F@L=\skip99
\@Hgt@F@C=\skip100
\@Hgt@F@R=\skip101
\@Hgt@h@l=\skip102
\@Hgt@h@c=\skip103
\@Hgt@h@r=\skip104
\@Hgt@f@l=\skip105
\@Hgt@f@c=\skip106
\@Hgt@f@r=\skip107
\@lab@bl=\skip108
\@lab@pl=\skip109
\@lab@pw=\skip110
\@lab@bh=\skip111
\@lab@bw=\skip112
\@lab@th=\skip113
\@lab@lm=\skip114
\@marg@lt=\skip115
\@marg@rt=\skip116
\@marg@tp=\skip117
\@marg@bt=\skip118
\@marg@tp@a=\skip119
\@marg@bt@a=\skip120
\@marg@bt@b=\skip121
\@marg@tp@b=\skip122
\@marg@tp@s=\skip123
\@marg@lt@r=\skip124
\@marg@lt@l=\skip125
\@marg@rt@r=\skip126
\@marg@rt@l=\skip127
\@marg@lt@tp@d=\skip128
\@marg@rt@tp@d=\skip129
\@Min@Hgt@Head=\skip130
\@Min@Hgt@head=\skip131
\@Min@Hgt@Foot=\skip132
\@Min@Hgt@foot=\skip133
\@Min@Hgt@Right=\skip134
\@Min@Hgt@right=\skip135
\@Min@Hgt@Left=\skip136
\@Min@Hgt@left=\skip137
\@Plg=\skip138
\@Pwd=\skip139
\@plg=\skip140
\@pwd=\skip141
\@post@sig@sp@a=\skip142
\@post@sig@sp@b=\skip143
\@pre@memo@sp=\skip144
\@post@memo@sp=\skip145
\@sig@sp=\skip146
\@text@width=\skip147
\@sig@sk@a=\skip148
\@sig@sk@b=\skip149
\@sig@sk@c=\skip150
\@sig@sk@r=\skip151
\@cls@sk@a=\skip152
\@cls@sk@b=\skip153
\@text@height=\skip154
\@unpr@tp=\skip155
\@unpr@bm=\skip156
\@unpr@rt=\skip157
\@unpr@lt=\skip158
\@util=\skip159
\@utila=\skip160
\@utilb=\skip161
\@utilc=\skip162
\@utild=\skip163
\@utile=\skip164
\@utilf=\skip165
\@utilg=\skip166
\@utilh=\skip167
\@utili=\skip168
\@utilj=\skip169
\@utilk=\skip170
\@utill=\skip171
\@xda=\skip172
\@xdb=\skip173
\@xdc=\skip174
\@xdd=\skip175
\@xde=\skip176
\@xdf=\skip177
\@xdg=\skip178
\@xdh=\skip179
\@xdi=\skip180
\@sig@box@a=\box27
\b@addr@fr=\box28
\b@addr@to=\box29
\@x@c=\box30
\@x@l=\box31
\@x@r=\box32
\fba=\box33
\adrfr=\box34
\adrto=\box35
\@sig@box@b=\box36
\@sig@box@c=\box37
\@sig@box@d=\box38
\@sig@box@e=\box39
\@sig@box@f=\box40
\@sig@box@g=\box41
\@sig@box@h=\box42
\@sig@box@i=\box43
\@sig@box@j=\box44
\@rest@ltr=\box45
\@resta@ltr=\box46
\@restb@ltr=\box47
\@restc@ltr=\box48
\@restd@ltr=\box49
\@reste@ltr=\box50
\c@@c@pos=\count84
\c@figure=\count85
\c@table=\count86
\c@@sig@tot=\count87
\c@@lab@tot@row=\count88
\c@@lab@tot@col=\count89
\c@@lab@cnt@row=\count90
\c@@lab@cnt@col=\count91
\@nlfm@addr=\count92
\@nlfm@util=\count93
\@nlfm@uta=\count94
\@nlfm@utb=\count95

All language information must be in newlfm.cls
(/usr/share/texlive/texmf-dist/tex/latex/base/letter.cls
Document Class: letter 2014/09/29 v1.2z Standard LaTeX document class
(/usr/share/texlive/texmf-dist/tex/latex/base/size10.clo
File: size10.clo 2014/09/29 v1.4h Standard LaTeX file (size option)
)
\longindentation=\dimen106
\indentedwidth=\dimen107
\labelcount=\count96
)
(/usr/share/texlive/texmf-dist/tex/latex/newlfm/addrset.sty
Package: addrset 2009/04/10 v9.4 Address macros
)
(/usr/share/texlive/texmf-dist/tex/latex/tools/afterpage.sty
Package: afterpage 2014/10/28 v1.08 After-Page Package (DPC)
\AP@output=\toks16
\AP@partial=\box51
\AP@footins=\box52
)
(/usr/share/texlive/texmf-dist/tex/latex/envlab/envlab.sty
Package: envlab 1997/07/16 v1.2 Envelopes and Labels
Package envlab Info: Envelopes & Labels package: found makelabels...
(envlab)             Seems everything is OK. Good luck. on input line 58.
\@envelopeposition=\count97
\PSEnvelopeTray=\toks17
\EnvelopeWidth=\skip181
\EnvelopeHeight=\skip182
\EnvelopeTopMargin=\skip183
\EnvelopeLeftMargin=\skip184
\LabelWidth=\skip185
\LabelHeight=\skip186
\LabelTopMargin=\skip187
\LabelLeftMargin=\skip188
\LabelRightMargin=\skip189
\c@LabelMaxCol=\count98
\c@LabelMaxRow=\count99
\FromAddressTopMargin=\skip190
\FromAddressLeftMargin=\skip191
\FromAddressHeight=\skip192
\FromAddressWidth=\skip193
\ToAddressTopMargin=\skip194
\ToAddressLeftMargin=\skip195
\ToAddressWidth=\skip196

Loading configuration file envlab.cfg
(/usr/share/texlive/texmf-dist/tex/latex/envlab/envlab.cfg
File: envlab.cfg 1997/07/16 v1.2 Envelopes and Labels
)
\c@LabelCountCol=\count100
\c@LabelCountRow=\count101
\c@LabelOffsetCol=\count102
\c@LabelOffsetRow=\count103
\@numreturnlabels=\count104
\@zipcode=\toks18
\@zipcodesum=\count105
\@barcodewidth=\skip197
\@barcodeLheight=\skip198
\@barcodeSheight=\skip199
\@barcodeskip=\skip256
\@addr@cap=\toks19
)
The default definition for memosec is used. File memosec.tex doesn't exist.
Press release definitions stored in newlfm.cls
faxpage definitions stored in newlfm.cls
letrinfo.tex\ not found. All letter definitions must be in newlfm.cls
LaTeX Info: Redefining \@texttop on input line 1884.
\@rep@th=\dimen108
\@rep@tw=\dimen109
\@rep@om=\dimen110
\@rep@em=\dimen111
\@rep@cs=\dimen112
\@rep@tm=\dimen113
\@rep@hh=\dimen114
\@rep@hs=\dimen115
\@rep@fs=\dimen116
) (/usr/share/texlive/texmf-dist/tex/latex/psnfss/charter.sty
Package: charter 2005/04/12 PSNFSS-v9.2a (P.Dyballa) 
)
(/usr/share/texlive/texmf-dist/tex/latex/hyperref/hyperref.sty
Package: hyperref 2012/11/06 v6.83m Hypertext links for LaTeX

(/usr/share/texlive/texmf-dist/tex/generic/oberdiek/hobsub-hyperref.sty
Package: hobsub-hyperref 2012/05/28 v1.13 Bundle oberdiek, subset hyperref (HO)


(/usr/share/texlive/texmf-dist/tex/generic/oberdiek/hobsub-generic.sty
Package: hobsub-generic 2012/05/28 v1.13 Bundle oberdiek, subset generic (HO)
Package: hobsub 2012/05/28 v1.13 Construct package bundles (HO)
Package hobsub Info: Skipping package `infwarerr' (already loaded).
Package hobsub Info: Skipping package `ltxcmds' (already loaded).
Package: ifluatex 2010/03/01 v1.3 Provides the ifluatex switch (HO)
Package ifluatex Info: LuaTeX not detected.
Package: ifvtex 2010/03/01 v1.5 Detect VTeX and its facilities (HO)
Package ifvtex Info: VTeX not detected.
Package: intcalc 2007/09/27 v1.1 Expandable calculations with integers (HO)
Package hobsub Info: Skipping package `ifpdf' (already loaded).
Package: etexcmds 2011/02/16 v1.5 Avoid name clashes with e-TeX commands (HO)
Package etexcmds Info: Could not find \expanded.
(etexcmds)             That can mean that you are not using pdfTeX 1.50 or
(etexcmds)             that some package has redefined \expanded.
(etexcmds)             In the latter case, load this package earlier.
Package: kvsetkeys 2012/04/25 v1.16 Key value parser (HO)
Package: kvdefinekeys 2011/04/07 v1.3 Define keys (HO)
Package: pdftexcmds 2011/11/29 v0.20 Utility functions of pdfTeX for LuaTeX (HO
)
Package pdftexcmds Info: LuaTeX not detected.
Package pdftexcmds Info: \pdf@primitive is available.
Package pdftexcmds Info: \pdf@ifprimitive is available.
Package pdftexcmds Info: \pdfdraftmode found.
Package: pdfescape 2011/11/25 v1.13 Implements pdfTeX's escape features (HO)
Package: bigintcalc 2012/04/08 v1.3 Expandable calculations on big integers (HO
)
Package: bitset 2011/01/30 v1.1 Handle bit-vector datatype (HO)
Package: uniquecounter 2011/01/30 v1.2 Provide unlimited unique counter (HO)
)
Package hobsub Info: Skipping package `hobsub' (already loaded).
Package: letltxmacro 2010/09/02 v1.4 Let assignment for LaTeX macros (HO)
Package: hopatch 2012/05/28 v1.2 Wrapper for package hooks (HO)
Package: xcolor-patch 2011/01/30 xcolor patch
Package: atveryend 2011/06/30 v1.8 Hooks at the very end of document (HO)
Package atveryend Info: \AP@enddocument detected (standard20110627).
Package atveryend Info: \makelabels detected. Moving labels
(atveryend)             from `.aux' file to \AtEndDocument.
Package hobsub Info: Skipping package `atbegshi' (already loaded).
Package: refcount 2011/10/16 v3.4 Data extraction from label references (HO)
Package: hycolor 2011/01/30 v1.7 Color options for hyperref/bookmark (HO)
)
(/usr/share/texlive/texmf-dist/tex/generic/ifxetex/ifxetex.sty
Package: ifxetex 2010/09/12 v0.6 Provides ifxetex conditional
)
(/usr/share/texlive/texmf-dist/tex/latex/oberdiek/auxhook.sty
Package: auxhook 2011/03/04 v1.3 Hooks for auxiliary files (HO)
)
(/usr/share/texlive/texmf-dist/tex/latex/oberdiek/kvoptions.sty
Package: kvoptions 2011/06/30 v3.11 Key value format for package options (HO)
)
\@linkdim=\dimen117
\Hy@linkcounter=\count106
\Hy@pagecounter=\count107

(/usr/share/texlive/texmf-dist/tex/latex/hyperref/pd1enc.def
File: pd1enc.def 2012/11/06 v6.83m Hyperref: PDFDocEncoding definition (HO)
)
\Hy@SavedSpaceFactor=\count108

(/usr/share/texlive/texmf-dist/tex/latex/latexconfig/hyperref.cfg
File: hyperref.cfg 2002/06/06 v1.2 hyperref configuration of TeXLive
)
Package hyperref Info: Hyper figures OFF on input line 4443.
Package hyperref Info: Link nesting OFF on input line 4448.
Package hyperref Info: Hyper index ON on input line 4451.
Package hyperref Info: Plain pages OFF on input line 4458.
Package hyperref Info: Backreferencing OFF on input line 4463.
Package hyperref Info: Implicit mode ON; LaTeX internals redefined.
Package hyperref Info: Bookmarks ON on input line 4688.
\c@Hy@tempcnt=\count109

(/usr/share/texlive/texmf-dist/tex/latex/url/url.sty
\Urlmuskip=\muskip10
Package: url 2013/09/16  ver 3.4  Verb mode for urls, etc.
)
LaTeX Info: Redefining \url on input line 5041.
\XeTeXLinkMargin=\dimen118
\Fld@menulength=\count110
\Field@Width=\dimen119
\Fld@charsize=\dimen120
Package hyperref Info: Hyper figures OFF on input line 6295.
Package hyperref Info: Link nesting OFF on input line 6300.
Package hyperref Info: Hyper index ON on input line 6303.
Package hyperref Info: backreferencing OFF on input line 6310.
Package hyperref Info: Link coloring OFF on input line 6315.
Package hyperref Info: Link coloring with OCG OFF on input line 6320.
Package hyperref Info: PDF/A mode OFF on input line 6325.
LaTeX Info: Redefining \ref on input line 6365.
LaTeX Info: Redefining \pageref on input line 6369.
\Hy@abspage=\count111
\c@Item=\count112
\c@Hfootnote=\count113
)

Package hyperref Message: Driver (autodetected): hpdftex.

(/usr/share/texlive/texmf-dist/tex/latex/hyperref/hpdftex.def
File: hpdftex.def 2012/11/06 v6.83m Hyperref driver for pdfTeX
\Fld@listcount=\count114
\c@bookmark@seq@number=\count115

(/usr/share/texlive/texmf-dist/tex/latex/oberdiek/rerunfilecheck.sty
Package: rerunfilecheck 2011/04/15 v1.7 Rerun checks for auxiliary files (HO)
Package uniquecounter Info: New unique counter `rerunfilecheck' on input line 2
82.
)
\Hy@SectionHShift=\skip257
)
Package hyperref Info: Option `colorlinks' set `true' on input line 36.
Package hyperref Info: Option `breaklinks' set `true' on input line 36.


Package hyperref Warning: Option `bookmarks' has already been used,
(hyperref)                setting the option has no effect on input line 36.

Package hyperref Info: Option `bookmarksnumbered' set `true' on input line 36.
\Luiuc=\box53
<logo.jpg, id=1, 437.635pt x 437.635pt>
File: logo.jpg Graphic file (type jpg)
 <use logo.jpg>
Package pdftex.def Info: logo.jpg used on input line 39.
(pdftex.def)             Requested size: 88.53035pt x 88.5271pt.


LaTeX Warning: Unused global option(s):
    [5pt].

(build/cover_letter_3.aux)
\openout1 = `cover_letter_3.aux'.

LaTeX Font Info:    Checking defaults for OML/cmm/m/it on input line 84.
LaTeX Font Info:    ... okay on input line 84.
LaTeX Font Info:    Checking defaults for T1/cmr/m/n on input line 84.
LaTeX Font Info:    ... okay on input line 84.
LaTeX Font Info:    Checking defaults for OT1/cmr/m/n on input line 84.
LaTeX Font Info:    ... okay on input line 84.
LaTeX Font Info:    Checking defaults for OMS/cmsy/m/n on input line 84.
LaTeX Font Info:    ... okay on input line 84.
LaTeX Font Info:    Checking defaults for OMX/cmex/m/n on input line 84.
LaTeX Font Info:    ... okay on input line 84.
LaTeX Font Info:    Checking defaults for U/cmr/m/n on input line 84.
LaTeX Font Info:    ... okay on input line 84.
LaTeX Font Info:    Checking defaults for PD1/pdf/m/n on input line 84.
LaTeX Font Info:    ... okay on input line 84.
LaTeX Font Info:    Try loading font information for OT1+bch on input line 84.

(/usr/share/texlive/texmf-dist/tex/latex/psnfss/ot1bch.fd
File: ot1bch.fd 2004/10/18 font definitions for OT1/bch.
)
\AtBeginShipoutBox=\box54

(/usr/share/texlive/texmf-dist/tex/context/base/supp-pdf.mkii
[Loading MPS to PDF converter (version 2006.09.02).]
\scratchcounter=\count116
\scratchdimen=\dimen121
\scratchbox=\box55
\nofMPsegments=\count117
\nofMParguments=\count118
\everyMPshowfont=\toks20
\MPscratchCnt=\count119
\MPscratchDim=\dimen122
\MPnumerator=\count120
\makeMPintoPDFobject=\count121
\everyMPtoPDFconversion=\toks21
)
Package lastpage Info: Please have a look at the pageslts package at
(lastpage)             https://www.ctan.org/pkg/pageslts
(lastpage)             ! on input line 84.
 (/usr/share/texlive/texmf-dist/tex/latex/oberdiek/epstopdf-base.sty
Package: epstopdf-base 2010/02/09 v2.5 Base part for package epstopdf

(/usr/share/texlive/texmf-dist/tex/latex/oberdiek/grfext.sty
Package: grfext 2010/08/19 v1.1 Manage graphics extensions (HO)
)
Package grfext Info: Graphics extension search list:
(grfext)             [.png,.pdf,.jpg,.mps,.jpeg,.jbig2,.jb2,.PNG,.PDF,.JPG,.JPE
G,.JBIG2,.JB2,.eps]
(grfext)             \AppendGraphicsExtensions on input line 452.

(/usr/share/texlive/texmf-dist/tex/latex/latexconfig/epstopdf-sys.cfg
File: epstopdf-sys.cfg 2010/07/13 v1.3 Configuration of (r)epstopdf for TeX Liv
e
))
Package hyperref Info: Link coloring ON on input line 84.

(/usr/share/texlive/texmf-dist/tex/latex/hyperref/nameref.sty
Package: nameref 2012/10/27 v2.43 Cross-referencing by name of section

(/usr/share/texlive/texmf-dist/tex/generic/oberdiek/gettitlestring.sty
Package: gettitlestring 2010/12/03 v1.4 Cleanup title references (HO)
)
\c@section@level=\count122
)
LaTeX Info: Redefining \ref on input line 84.
LaTeX Info: Redefining \pageref on input line 84.
LaTeX Info: Redefining \nameref on input line 84.

(build/cover_letter_3.out) (build/cover_letter_3.out)
\@outlinefile=\write3
\openout3 = `cover_letter_3.out'.

LaTeX Font Info:    External font `cmex10' loaded for size
(Font)              <7> on input line 85.
LaTeX Font Info:    External font `cmex10' loaded for size
(Font)              <5> on input line 85.

Underfull \hbox (badness 10000) detected at line 85
         
 []

[1


{/var/lib/texmf/fonts/map/pdftex/updmap/pdftex.map} <./logo.jpg>]

AED: lastpage setting LastPage
Package atveryend Info: Empty hook `BeforeClearDocument' on input line 110.
Package atveryend Info: Executing hook `AfterLastShipout' on input line 110.
(build/cover_letter_3.aux)
Package atveryend Info: Executing hook `AtVeryEndDocument' on input line 110.
Package atveryend Info: Executing hook `AtEndAfterFileList' on input line 110.
Package rerunfilecheck Info: File `cover_letter_3.out' has not changed.
(rerunfilecheck)             Checksum: <no file>.
Package atveryend Info: Empty hook `AtVeryVeryEnd' on input line 110.
 ) 
Here is how much of TeX's memory you used:
 7793 strings out of 493029
 109484 string characters out of 6136234
 220108 words of memory out of 5000000
 11251 multiletter control sequences out of 15000+600000
 6559 words of font info for 18 fonts, out of 8000000 for 9000
 1141 hyphenation exceptions out of 8191
 37i,12n,45p,700b,592s stack positions out of 5000i,500n,10000p,200000b,80000s
{/usr/share/texlive/texmf-dist/fonts/enc/dvips/base/8r.enc}</usr/share/texliv
e/texmf-dist/fonts/type1/bitstrea/charter/bchr8a.pfb>
Output written on build/cover_letter_3.pdf (1 page, 53138 bytes).
PDF statistics:
 22 PDF objects out of 1000 (max. 8388607)
 16 compressed objects within 1 object stream
 2 named destinations out of 1000 (max. 500000)
 6 words of extra memory for PDF output out of 10000 (max. 10000000)

